<?xml version="1.0" encoding="UTF-8"?>
<!-- Generated by org.testng.reporters.JUnitXMLReporter -->
<testsuite ignored="0" hostname="DESKTOP-04LC3BM" failures="0" tests="3" name="Test" time="43.775" errors="0" timestamp="2022-11-18T11:42:09 IST">
  <testcase classname="testPackage.TestActiTimeValidLogin" name="testValidLogin" time="0.832"/>
  <testcase classname="testPackage.TestActiTimeLogout" name="logOut" time="5.034"/>
  <testcase classname="testPackage.ActiTimeInvalidLogIn" name="testInValidLogin" time="23.591"/>
</testsuite> <!-- Test -->
