<?xml version="1.0" encoding="UTF-8"?>
<testng-results ignored="0" total="1" passed="1" failed="0" skipped="0">
  <reporter-output>
    <line>
      <![CDATA[testInValidLogin has been started]]>
    </line>
    <line>
      <![CDATA[testInValidLogin completed successfully.]]>
    </line>
  </reporter-output>
  <suite started-at="2022-11-18T21:55:44 IST" name="Default suite" finished-at="2022-11-18T21:56:17 IST" duration-ms="33341">
    <groups>
    </groups>
    <test started-at="2022-11-18T21:55:44 IST" name="Default test" finished-at="2022-11-18T21:56:17 IST" duration-ms="33341">
      <class name="testPackage.ActiTimeInvalidLogIn">
        <test-method is-config="true" signature="setUp()[pri:0, instance:testPackage.ActiTimeInvalidLogIn@29e495ff]" started-at="2022-11-18T21:55:44 IST" name="setUp" finished-at="2022-11-18T21:55:50 IST" duration-ms="6273" status="PASS">
          <reporter-output>
          </reporter-output>
        </test-method> <!-- setUp -->
        <test-method signature="testInValidLogin()[pri:0, instance:testPackage.ActiTimeInvalidLogIn@29e495ff]" started-at="2022-11-18T21:55:50 IST" name="testInValidLogin" finished-at="2022-11-18T21:56:16 IST" duration-ms="25766" status="PASS">
          <reporter-output>
            <line>
              <![CDATA[testInValidLogin has been started]]>
            </line>
            <line>
              <![CDATA[testInValidLogin completed successfully.]]>
            </line>
          </reporter-output>
        </test-method> <!-- testInValidLogin -->
        <test-method is-config="true" signature="teardown()[pri:0, instance:testPackage.ActiTimeInvalidLogIn@29e495ff]" started-at="2022-11-18T21:56:16 IST" name="teardown" finished-at="2022-11-18T21:56:17 IST" duration-ms="1220" status="PASS">
          <reporter-output>
          </reporter-output>
        </test-method> <!-- teardown -->
      </class> <!-- testPackage.ActiTimeInvalidLogIn -->
    </test> <!-- Default test -->
  </suite> <!-- Default suite -->
</testng-results>
